<?xml version="1.0" encoding="UTF-8"?>
<testng-results ignored="0" total="1" passed="1" failed="0" skipped="0">
  <reporter-output>
  </reporter-output>
  <suite started-at="2024-04-03T21:30:57 IST" name="Default suite" finished-at="2024-04-03T21:31:19 IST" duration-ms="22332">
    <groups>
    </groups>
    <test started-at="2024-04-03T21:30:57 IST" name="Default test" finished-at="2024-04-03T21:31:19 IST" duration-ms="22332">
      <class name="apr3rd.SalesForceLogin">
        <test-method signature="salesForceLoginTest()[pri:0, instance:apr3rd.SalesForceLogin@710c2b53]" started-at="2024-04-03T21:30:57 IST" name="salesForceLoginTest" finished-at="2024-04-03T21:31:19 IST" duration-ms="22213" status="PASS">
          <reporter-output>
          </reporter-output>
        </test-method> <!-- salesForceLoginTest -->
      </class> <!-- apr3rd.SalesForceLogin -->
    </test> <!-- Default test -->
  </suite> <!-- Default suite -->
</testng-results>
